1564587390140	mozrunner::runner	INFO	Running command: "C:\\Program Files\\Mozilla Firefox\\firefox.exe" "-marionette" "-foreground" "-no-remote" "-profile" "C:\\Users\\bproctor\\AppData\\Local\\Temp\\rust_mozprofile.8D4cvzLFfvHH"
Unable to read VR Path Registry from C:\Users\bproctor\AppData\Local\openvr\openvrpaths.vrpath
Unable to read VR Path Registry from C:\Users\bproctor\AppData\Local\openvr\openvrpaths.vrpath
Unable to read VR Path Registry from C:\Users\bproctor\AppData\Local\openvr\openvrpaths.vrpath
Unable to read VR Path Registry from C:\Users\bproctor\AppData\Local\openvr\openvrpaths.vrpath
Unable to read VR Path Registry from C:\Users\bproctor\AppData\Local\openvr\openvrpaths.vrpath
1564587391554	Marionette	INFO	Listening on port 52719
1564587391795	Marionette	WARN	TLS certificate errors will be ignored for this session
[Parent 73756, Gecko_IOThread] WARNING: pipe error: 109: file z:/build/build/src/ipc/chromium/src/chrome/common/ipc_channel_win.cc, line 346
[Parent 73756, Gecko_IOThread] WARNING: pipe error: 109: file z:/build/build/src/ipc/chromium/src/chrome/common/ipc_channel_win.cc, line 346
[Child 83804, Chrome_ChildThread] WARNING: pipe error: 109: file z:/build/build/src/ipc/chromium/src/chrome/common/ipc_channel_win.cc, line 346
[Child 80332[,Chi Chrome_ChildThread] WARNING: pipe error: 109: file z:/build/build/src/ipc/chromium/src/chrome/common/ipc_channel_win.cc, line 346
[Child 8033[Child 77872, Chrome_ChildThread] WARNING: pipe error: 109: file z:/build/build/src/ipc/chromium/src/chrome/common/ipc_channel_win.cc, line 346
[Child 778*** UTM:SVC TimerManager:registerTimer called after profile-before-change notification. Ignoring timer registration for id: telemetry_modules_ping
[GPU 82068, C
###!!! [Child][MessageChannel::SendAndWait] Error: Channel error: cannot send/recv

1564587798222	mozrunner::runner	INFO	Running command: "C:\\Program Files\\Mozilla Firefox\\firefox.exe" "-marionette" "-foreground" "-no-remote" "-profile" "C:\\Users\\bproctor\\AppData\\Local\\Temp\\rust_mozprofile.L4ACDGS3CK0E"
Unable to read VR Path Registry from C:\Users\bproctor\AppData\Local\openvr\openvrpaths.vrpath
Unable to read VR Path Registry from C:\Users\bproctor\AppData\Local\openvr\openvrpaths.vrpath
Unable to read VR Path Registry from C:\Users\bproctor\AppData\Local\openvr\openvrpaths.vrpath
Unable to read VR Path Registry from C:\Users\bproctor\AppData\Local\openvr\openvrpaths.vrpath
Unable to read VR Path Registry from C:\Users\bproctor\AppData\Local\openvr\openvrpaths.vrpath
1564587799411	Marionette	INFO	Listening on port 53127
1564587799872	Marionette	WARN	TLS certificate errors will be ignored for this session
[Child 82796, Chrome_ChildThread] WARNING: pipe error: 109: file z:/build/build/src/ipc/chromium/src/chrome/common/ipc_channel_win.cc, line 346
[Child 82796, Chrome[Parent 82604, Gecko_IOThread] WARNING: pipe error: 109: file z:/build/build/src/ipc/chromium/src/chrome/common/ipc_channel_win.cc, line 346
[Child 40340, Chrome_ChildThread] WARNING: pipe error: 109: file z:/build/build/src/ipc/chromium/src/chrome/common/ipc_channel_win.cc, line 346
[Child 40340*** UTM:SVC TimerManager:registerTimer called after profile-before-change notification. Ignoring timer registration for id: telemetry_modules_ping
[GPU 79952,
###!!! [Child][MessageChannel::SendAndWait] Error: Channel error: cannot send/recv

1564588187555	mozrunner::runner	INFO	Running command: "C:\\Program Files\\Mozilla Firefox\\firefox.exe" "-marionette" "-foreground" "-no-remote" "-profile" "C:\\Users\\bproctor\\AppData\\Local\\Temp\\rust_mozprofile.aiyCGtUqb5au"
Unable to read VR Path Registry from C:\Users\bproctor\AppData\Local\openvr\openvrpaths.vrpath
Unable to read VR Path Registry from C:\Users\bproctor\AppData\Local\openvr\openvrpaths.vrpath
Unable to read VR Path Registry from C:\Users\bproctor\AppData\Local\openvr\openvrpaths.vrpath
Unable to read VR Path Registry from C:\Users\bproctor\AppData\Local\openvr\openvrpaths.vrpath
Unable to read VR Path Registry from C:\Users\bproctor\AppData\Local\openvr\openvrpaths.vrpath
1564588188776	Marionette	INFO	Listening on port 53508
1564588189217	Marionette	WARN	TLS certificate errors will be ignored for this session
[Parent 88868, Gecko_IOThread] WARNING: pipe error: 109: file z:/build/build/src/ipc/chromium/src/chrome/common/ipc_channel_win.cc, line 346
[Parent 88868, Gecko_IOThread] WARNING: pipe error: 109: file z:/build/build/src/ipc/chromium/src/chrome/common/ipc_channel_win.cc, line 346
[Child 51360, Chrome_ChildThread] WARNING: pipe error: 109: file z:/build/build/src/ipc/chromium/src/chrome/common/ipc_channel_win.cc, line 346
[[Child 51C360hild 65148, Chrome_ChildThread] WARNING: pipe error: 109: file z:/build/build/src/ipc/chromium/src/chrome/common/ipc_channel_win.cc, line 346
[Child 65148, Chrome_*** UTM:SVC TimerManager:registerTimer called after profile-before-change notification. Ignoring timer registration for id: telemetry_modules_ping
[GPU 77720, Chrome_ChildThread] W
###!!! [Child][MessageChannel::SendAndWait] Error: Channel error: cannot send/recv

1564588218947	mozrunner::runner	INFO	Running command: "C:\\Program Files\\Mozilla Firefox\\firefox.exe" "-marionette" "-foreground" "-no-remote" "-profile" "C:\\Users\\bproctor\\AppData\\Local\\Temp\\rust_mozprofile.BuFaKxts0D8S"
Unable to read VR Path Registry from C:\Users\bproctor\AppData\Local\openvr\openvrpaths.vrpath
Unable to read VR Path Registry from C:\Users\bproctor\AppData\Local\openvr\openvrpaths.vrpath
Unable to read VR Path Registry from C:\Users\bproctor\AppData\Local\openvr\openvrpaths.vrpath
Unable to read VR Path Registry from C:\Users\bproctor\AppData\Local\openvr\openvrpaths.vrpath
Unable to read VR Path Registry from C:\Users\bproctor\AppData\Local\openvr\openvrpaths.vrpath
1564588220163	Marionette	INFO	Listening on port 53578
1564588220646	Marionette	WARN	TLS certificate errors will be ignored for this session
JavaScript error: https://www.sagemember.com/js/bootstrap.min.js, line 6: Error: Bootstrap's JavaScript requires jQuery
JavaScript error: https://www.sagemember.com/js/bootstrap.min.js, line 6: Error: Bootstrap's JavaScript requires jQuery
[Child 62416, Chrome_ChildThread] WARNING: pipe error: 109: file z:/build/build/src/ipc/chromium/src/chrome/common/ipc_channel_win.cc, line 346
[Child 62416, Chrome_ChildThread] WARNING: pipe error: 109: file z:/build/bui[Child 86892, Chrome_ChildThread] WARNING: pipe error: 109: file z:/build/build/src/ipc/chromium/src/chrome/common/ipc_channel_win.cc, line 346
[Child 86892[Child 84148, Chrome_ChildThread] WARNING: pipe error: 109: file z:/build/build/src/ipc/chromium/src/chrome/common/ipc_channel_win.cc, line 346
[Child 84148, Chrome_C*** UTM:SVC TimerManager:registerTimer called after profile-before-change notification. Ignoring timer registration for id: telemetry_modules_ping
[GPU 54688, Ch
###!!! [Child][MessageChannel::SendAndWait] Error: Channel error: cannot send/recv

1564588266633	mozrunner::runner	INFO	Running command: "C:\\Program Files\\Mozilla Firefox\\firefox.exe" "-marionette" "-foreground" "-no-remote" "-profile" "C:\\Users\\bproctor\\AppData\\Local\\Temp\\rust_mozprofile.oeyOElWgqGyH"
Unable to read VR Path Registry from C:\Users\bproctor\AppData\Local\openvr\openvrpaths.vrpath
Unable to read VR Path Registry from C:\Users\bproctor\AppData\Local\openvr\openvrpaths.vrpath
Unable to read VR Path Registry from C:\Users\bproctor\AppData\Local\openvr\openvrpaths.vrpath
Unable to read VR Path Registry from C:\Users\bproctor\AppData\Local\openvr\openvrpaths.vrpath
Unable to read VR Path Registry from C:\Users\bproctor\AppData\Local\openvr\openvrpaths.vrpath
1564588267845	Marionette	INFO	Listening on port 53672
1564588268267	Marionette	WARN	TLS certificate errors will be ignored for this session
JavaScript error: https://www.sagemember.com/js/bootstrap.min.js, line 6: Error: Bootstrap's JavaScript requires jQuery
JavaScript error: https://www.sagemember.com/js/bootstrap.min.js, line 6: Error: Bootstrap's JavaScript requires jQuery
[Parent 82720, Gecko_IOThread] WARNING: pipe error: 109: file z:/build/build/src/ipc/chromium/src/chrome/common/ipc_channel_win.cc, line 346
[Parent 82720, Gecko_IOThread] WARNING: pipe error: 109: file z:/build/build/src/ipc/chromium/src/chrome/common/ipc_channel_win.cc, line 346
[Child 82696, Chrome_ChildThread] WARNING: pipe error: 109: file z:/build/build/src/ipc/chromium/src/chrome/common/ipc_channel_win.cc, line 346
[Child 80[4C20, Chrome_ChildThread] WARNING: pipe error: 109: file z:/build/build/src/ipc/chromium/src/chrome/common/ipc_channel_win.cc, line 346
[Child 8042[Parent 82720, Gecko_IOThread] WARNING: pipe error: 109: file z:/build/build/src/ipc/chromium/src/chrome/common/ipc_channel_win.cc, line 346
*** UTM:SVC TimerManager:registerTimer called after profile-before-change notification. Ignoring timer registration for id: telemetry_modules_ping
[GPU 67160, Chrome_
###!!! [Child][MessageChannel::SendAndWait] Error: Channel error: cannot send/recv

1564588297010	mozrunner::runner	INFO	Running command: "C:\\Program Files\\Mozilla Firefox\\firefox.exe" "-marionette" "-foreground" "-no-remote" "-profile" "C:\\Users\\bproctor\\AppData\\Local\\Temp\\rust_mozprofile.ud0UIBHA2Crv"
Unable to read VR Path Registry from C:\Users\bproctor\AppData\Local\openvr\openvrpaths.vrpath
Unable to read VR Path Registry from C:\Users\bproctor\AppData\Local\openvr\openvrpaths.vrpath
Unable to read VR Path Registry from C:\Users\bproctor\AppData\Local\openvr\openvrpaths.vrpath
Unable to read VR Path Registry from C:\Users\bproctor\AppData\Local\openvr\openvrpaths.vrpath
Unable to read VR Path Registry from C:\Users\bproctor\AppData\Local\openvr\openvrpaths.vrpath
1564588298231	Marionette	INFO	Listening on port 53742
1564588298653	Marionette	WARN	TLS certificate errors will be ignored for this session
JavaScript error: https://www.sagemember.com/js/bootstrap.min.js, line 6: Error: Bootstrap's JavaScript requires jQuery
JavaScript error: https://www.sagemember.com/js/bootstrap.min.js, line 6: Error: Bootstrap's JavaScript requires jQuery
[Parent 83496, Gecko_IOThread] WARNING: pipe error: 109: file z:/build/build/src/ipc/chromium/src/chrome/common/ipc_channel_win.cc, line 346
[Child 80016, Chrome_ChildThread] WARNING: pipe error: 109: file z:/build/build/src/ipc/chromium/src/chrome/common/ipc_ch[Child 70804, Chrome_annel_wiChildThread] WARNING: pipe error: 109: file z:/build/build/n.cc, line 346
src/ipc/chromium/[src/chrome/common/ipc_channel_win.cc, line 346
[Child 70804, Chro[GPU 86584, 
###!!! [Child][MessageChannel::SendAndWait] Error: Channel error: cannot send/recv

1564589334905	mozrunner::runner	INFO	Running command: "C:\\Program Files\\Mozilla Firefox\\firefox.exe" "-marionette" "-foreground" "-no-remote" "-profile" "C:\\Users\\bproctor\\AppData\\Local\\Temp\\rust_mozprofile.fw03Vg15PPxp"
Unable to read VR Path Registry from C:\Users\bproctor\AppData\Local\openvr\openvrpaths.vrpath
Unable to read VR Path Registry from C:\Users\bproctor\AppData\Local\openvr\openvrpaths.vrpath
Unable to read VR Path Registry from C:\Users\bproctor\AppData\Local\openvr\openvrpaths.vrpath
Unable to read VR Path Registry from C:\Users\bproctor\AppData\Local\openvr\openvrpaths.vrpath
Unable to read VR Path Registry from C:\Users\bproctor\AppData\Local\openvr\openvrpaths.vrpath
1564589336103	Marionette	INFO	Listening on port 54688
1564589336572	Marionette	WARN	TLS certificate errors will be ignored for this session
[Child 76536, Chrome_ChildThread] WARNING: pipe error: 109: file z:/build/build/src/ipc/chromium/src/chrome/common/ipc_channel_win.cc, line 346
[Child 76536, Chrome_[Child 71760, Chrome_ChildThread] WARNING: pipe error: 109: file z:/build/build/src/ipc/chromium/src/chrome/common/ipc_channel_win.cc, line 346
[Child 71760, Chrome[Parent 90216, Gecko_IOThread] WARNING: pipe error: 109: file z:/build/build/src/ipc/chromium/src/chrome/common/ipc_channel_win.cc, line 346
[Child 84976, Chrome_ChildThread] WARNING: pipe error: 109: file z:/build/build/src/ipc/chromium/src/chrome/common/ipc_channel_win.cc, line 346
[Child 8497*** UTM:SVC TimerManager:registerTimer called after profile-before-change notification. Ignoring timer registration for id: telemetry_modules_ping
[GPU 70724, Chrome_
###!!! [Child][MessageChannel::SendAndWait] Error: Channel error: cannot send/recv

1564589642857	mozrunner::runner	INFO	Running command: "C:\\Program Files\\Mozilla Firefox\\firefox.exe" "-marionette" "-foreground" "-no-remote" "-profile" "C:\\Users\\bproctor\\AppData\\Local\\Temp\\rust_mozprofile.ezfcEtuJXnUB"
Unable to read VR Path Registry from C:\Users\bproctor\AppData\Local\openvr\openvrpaths.vrpath
Unable to read VR Path Registry from C:\Users\bproctor\AppData\Local\openvr\openvrpaths.vrpath
Unable to read VR Path Registry from C:\Users\bproctor\AppData\Local\openvr\openvrpaths.vrpath
Unable to read VR Path Registry from C:\Users\bproctor\AppData\Local\openvr\openvrpaths.vrpath
Unable to read VR Path Registry from C:\Users\bproctor\AppData\Local\openvr\openvrpaths.vrpath
1564589644097	Marionette	INFO	Listening on port 55003
1564589644525	Marionette	WARN	TLS certificate errors will be ignored for this session
[Parent 88360, Gecko_IOThread] WARNING: pipe error: 109: file z:/build/build/src/ipc/chromium/src/chrome/common/ipc_channel_win.cc, line 346
[Child 80652, Chrome_ChildThread] WARNING: pipe error: 109: file z:/build/build/src/ipc/chromium/src/chrome/common[Child 82604, Chrome_Chi/ipc_channel_win.cc, lineldThread] WARNING: pipe error: 109: file z:/build/build/src/ipc/chromium/src/chrome/common/ipc_channel_win.cc, line 346 
346
[Child 82604, Chrome_ChildThread] WARNING: pipe error: 109: fil[Parent 88360, Gecko_IOThread] WARNING: pipe error: 109: file z:/build/build/src/ipc/chromium/src/chrome/common/ipc_channel_win.cc, line 346
*** UTM:SVC TimerManager:registerTimer called after profile-before-change notification. Ignoring timer registration for id: telemetry_modules_ping

###!!! [Child][MessageChannel::SendAndWait] Error: Channel error: cannot send/recv

1564589688343	mozrunner::runner	INFO	Running command: "C:\\Program Files\\Mozilla Firefox\\firefox.exe" "-marionette" "-foreground" "-no-remote" "-profile" "C:\\Users\\bproctor\\AppData\\Local\\Temp\\rust_mozprofile.bMVd3kSUIcCJ"
Unable to read VR Path Registry from C:\Users\bproctor\AppData\Local\openvr\openvrpaths.vrpath
Unable to read VR Path Registry from C:\Users\bproctor\AppData\Local\openvr\openvrpaths.vrpath
Unable to read VR Path Registry from C:\Users\bproctor\AppData\Local\openvr\openvrpaths.vrpath
Unable to read VR Path Registry from C:\Users\bproctor\AppData\Local\openvr\openvrpaths.vrpath
Unable to read VR Path Registry from C:\Users\bproctor\AppData\Local\openvr\openvrpaths.vrpath
1564589689569	Marionette	INFO	Listening on port 55086
1564589689979	Marionette	WARN	TLS certificate errors will be ignored for this session
[Parent 82852, Gecko_IOThread] WARNING: pipe error: 109: file z:/build/build/src/ipc/chromium/src/chrome/common/ipc_channel_win.cc, line 346
[Parent 82852, Gecko_IOThread] WARNING: pipe error: 109: file z:/build/build/src/ipc/chromium/src/chrome/common/ipc_channel_win.cc, line 346
[Child 28832, Chrome_ChildThread] WARNING: pipe error: 109: file z:/build/build/src/ipc/chromium/src/chrome/common/ipc_channel_win.cc, line 346
[Child 28832, Chrome_ChildThread] WARNI[Chi[Parent 82852, Gecko_IOThread] WARNING: pipe error: 109: file z:/build/build/src/ipc/chromium/src/chrome/common/ipc_channel_win.cc, line 346
[Child 77504, Chrome_ChildThread] WARNING: pipe error: 109: file z:/build/build/src/ipc/chromium/src/chrome/common/ipc_channel_win.cc, line 346
[Child 77504, Chrom*** UTM:SVC TimerManager:registerTimer called after profile-before-change notification. Ignoring timer registration for id: telemetry_modules_ping
[GPU 79728, Chrome_C
###!!! [Child][MessageChannel::SendAndWait] Error: Channel error: cannot send/recv

1564589702914	mozrunner::runner	INFO	Running command: "C:\\Program Files\\Mozilla Firefox\\firefox.exe" "-marionette" "-foreground" "-no-remote" "-profile" "C:\\Users\\bproctor\\AppData\\Local\\Temp\\rust_mozprofile.C4bS4rGekR6l"
Unable to read VR Path Registry from C:\Users\bproctor\AppData\Local\openvr\openvrpaths.vrpath
Unable to read VR Path Registry from C:\Users\bproctor\AppData\Local\openvr\openvrpaths.vrpath
Unable to read VR Path Registry from C:\Users\bproctor\AppData\Local\openvr\openvrpaths.vrpath
Unable to read VR Path Registry from C:\Users\bproctor\AppData\Local\openvr\openvrpaths.vrpath
Unable to read VR Path Registry from C:\Users\bproctor\AppData\Local\openvr\openvrpaths.vrpath
1564589704107	Marionette	INFO	Listening on port 55142
1564589704585	Marionette	WARN	TLS certificate errors will be ignored for this session
[Child 73404, Chrome_ChildThread] WARNING: pipe error: 109: file z:/build/build/src/ipc/chromium/src/chrome/common/ipc_channel_win.cc, line 346
[Child 73[Parent 40460, Gecko_IOThread] WARNING: pipe error: 109: file z:/build/build/src/ipc/chromium/src/chrome/common/ipc_channel_win.cc, line 346
[Child 90880, Chrome_ChildThread] WARNING: pipe error: 109: file z:/build/build/src/ipc/chromium/src/chrome/common/ipc_channel_win.cc, line 346
[Child 9088*** UTM:SVC TimerManager:registerTimer called after profile-before-change notification. Ignoring timer registration for id: telemetry_modules_ping
[GPU 84108, C
###!!! [Child][MessageChannel::SendAndWait] Error: Channel error: cannot send/recv

1564589789228	mozrunner::runner	INFO	Running command: "C:\\Program Files\\Mozilla Firefox\\firefox.exe" "-marionette" "-foreground" "-no-remote" "-profile" "C:\\Users\\bproctor\\AppData\\Local\\Temp\\rust_mozprofile.WUCkx9xOPl0R"
Unable to read VR Path Registry from C:\Users\bproctor\AppData\Local\openvr\openvrpaths.vrpath
Unable to read VR Path Registry from C:\Users\bproctor\AppData\Local\openvr\openvrpaths.vrpath
Unable to read VR Path Registry from C:\Users\bproctor\AppData\Local\openvr\openvrpaths.vrpath
Unable to read VR Path Registry from C:\Users\bproctor\AppData\Local\openvr\openvrpaths.vrpath
Unable to read VR Path Registry from C:\Users\bproctor\AppData\Local\openvr\openvrpaths.vrpath
1564589790444	Marionette	INFO	Listening on port 55256
1564589790864	Marionette	WARN	TLS certificate errors will be ignored for this session
[Child 67072, Chrome_ChildThread] WARNING: pipe error: 109: file z:/build/build/src/ipc/chromium/src/chrome/common/ipc_channel_win.cc, line [346C
hild 54848, Chro[mCeh_iClhdi 67072, ChromldThread] WARNING: pipe error: 109: file z:/build/build/src/ipc/chromium/src/chrome/common/ipc_channel_win.cc, line 346
[Child 5484[Parent 83740, Gecko_IOThread] WARNING: pipe error: 109: file z:/build/build/src/ipc/chromium/src/chrome/common/ipc_channel_win.cc, line 346
[Child 91000, Chrome_ChildThread] WARNING: pipe error: 109: file z:/build/build/src/ipc/chromium/src/chrome/common/ipc_channel_win.cc, line 346
[Child 9100*** UTM:SVC TimerManager:registerTimer called after profile-before-change notification. Ignoring timer registration for id: telemetry_modules_ping
[GPU 84556, Chrome_
###!!! [Child][MessageChannel::SendAndWait] Error: Channel error: cannot send/recv

1564589872103	mozrunner::runner	INFO	Running command: "C:\\Program Files\\Mozilla Firefox\\firefox.exe" "-marionette" "-foreground" "-no-remote" "-profile" "C:\\Users\\bproctor\\AppData\\Local\\Temp\\rust_mozprofile.OB9fit6e4vev"
Unable to read VR Path Registry from C:\Users\bproctor\AppData\Local\openvr\openvrpaths.vrpath
Unable to read VR Path Registry from C:\Users\bproctor\AppData\Local\openvr\openvrpaths.vrpath
Unable to read VR Path Registry from C:\Users\bproctor\AppData\Local\openvr\openvrpaths.vrpath
Unable to read VR Path Registry from C:\Users\bproctor\AppData\Local\openvr\openvrpaths.vrpath
Unable to read VR Path Registry from C:\Users\bproctor\AppData\Local\openvr\openvrpaths.vrpath
1564589873307	Marionette	INFO	Listening on port 55411
1564589873774	Marionette	WARN	TLS certificate errors will be ignored for this session
[Parent 90892, Gecko_IOThread] WARNING: pipe error: 109: file z:/build/build/src/ipc/chromium/src/chrome/common/ipc_channel_win.cc, line 346
[Child 74808, Chrome_ChildThread] WARNING: pipe error: 109: file z:/build/build/src/ipc/chromium/src/chrome/common/ipc_channel_win.cc, line 346
[Child 78088[Child 74, Chrome_ChildThread] WARNING: pipe error: 109: file z:/build/build/src/ipc/chromium/src/chrome/common/ipc_channel_win.cc, line 346
[Child 78088, Chrome_[*** UTM:SVC TimerManager:registerTimer called after profile-before-change notification. Ignoring timer registration for id: telemetry_modules_ping
[GPU 64908, C
###!!! [Child][MessageChannel::SendAndWait] Error: Channel error: cannot send/recv

1564589901723	mozrunner::runner	INFO	Running command: "C:\\Program Files\\Mozilla Firefox\\firefox.exe" "-marionette" "-foreground" "-no-remote" "-profile" "C:\\Users\\bproctor\\AppData\\Local\\Temp\\rust_mozprofile.HOMeetjg6FIZ"
Unable to read VR Path Registry from C:\Users\bproctor\AppData\Local\openvr\openvrpaths.vrpath
Unable to read VR Path Registry from C:\Users\bproctor\AppData\Local\openvr\openvrpaths.vrpath
Unable to read VR Path Registry from C:\Users\bproctor\AppData\Local\openvr\openvrpaths.vrpath
Unable to read VR Path Registry from C:\Users\bproctor\AppData\Local\openvr\openvrpaths.vrpath
Unable to read VR Path Registry from C:\Users\bproctor\AppData\Local\openvr\openvrpaths.vrpath
1564589902923	Marionette	INFO	Listening on port 55478
1564589903394	Marionette	WARN	TLS certificate errors will be ignored for this session
[Parent 91412, Gecko_IOThread] WARNING: pipe error: 109: file z:/build/build/src/ipc/chromium/src/chrome/common/ipc_channel_win.cc, line 346
[Parent 91412, Gecko_IOThread] WARNING: pipe error: 109: file z:/build/build/src/ipc/chromium/src/chrome/common/ipc_channel_win.cc, line 346
[Child 83448, Chrome_ChildThread] WARNING: pipe error: 109: file z:/build/build/src/ipc/chromium/src/chrome/common/ipc_channel_win.cc, line 346
[Child 83448, Chrome_ChildT[Child 87732, Chrome_ChildThread] WARNING: pipe error: 109: file z:/build/build/src/ipc/chromium/src/chrome/common/ipc_channel_win.cc, line 346
[Child 87732, Chro[Parent 91412, Gecko_IOThread] WARNING: pipe error: 109: file z:/build/build/src/ipc/chromium/src/chrome/common/ipc_channel_win.cc, line 346
[Child 91720, Chrome_ChildThread] WARNING: pipe error: 109: file z:/build/build/src/ipc/chromium/src/chrome/common/ipc_channel_win.cc, line 346
[Child 91720*** UTM:SVC TimerManager:registerTimer called after profile-before-change notification. Ignoring timer registration for id: telemetry_modules_ping
[GPU 44864, Chrome_C
###!!! [Child][MessageChannel::SendAndWait] Error: Channel error: cannot send/recv

1564590173749	mozrunner::runner	INFO	Running command: "C:\\Program Files\\Mozilla Firefox\\firefox.exe" "-marionette" "-foreground" "-no-remote" "-profile" "C:\\Users\\bproctor\\AppData\\Local\\Temp\\rust_mozprofile.wboxbK0BmTy8"
Unable to read VR Path Registry from C:\Users\bproctor\AppData\Local\openvr\openvrpaths.vrpath
Unable to read VR Path Registry from C:\Users\bproctor\AppData\Local\openvr\openvrpaths.vrpath
Unable to read VR Path Registry from C:\Users\bproctor\AppData\Local\openvr\openvrpaths.vrpath
Unable to read VR Path Registry from C:\Users\bproctor\AppData\Local\openvr\openvrpaths.vrpath
Unable to read VR Path Registry from C:\Users\bproctor\AppData\Local\openvr\openvrpaths.vrpath
1564590174999	Marionette	INFO	Listening on port 55767
1564590175417	Marionette	WARN	TLS certificate errors will be ignored for this session
[Child 89844, Chrome_ChildThread] WARNING: pipe error: 109: file z:/build/build/src/ipc/chromium/src/chrome/common/ipc_channel_win.cc, line 346
[Child 89844, Chrome_ChildThr[Child 64324, Chrome_ChildThread] WARNING: pipe error: 109: file z:/build/build/src/ipc/chromium/src/chrome/common/ipc_channel_win.cc, line 346
[Child 64324, Chrome_Child[Parent 25968, Gecko_IOThread] WARNING: pipe error: 109: file z:/build/build/src/ipc/chromium/src/chrome/common/ipc_channel_win.cc, line 346
[Child 86288, Chrome_ChildThread] WARNING: pipe error: 109: file z:/build/build/src/ipc/chromium/src/chrome/common/ipc_channel_win.cc, line 346
[Child 86288[GPU 30556
###!!! [Child][MessageChannel::SendAndWait] Error: Channel error: cannot send/recv

stening on port 55889
1564590266263	Marionette	WARN	TLS certificate errors will be ignored for this session
[Child 85900, Chrome_ChildThread] WARNING: pipe error: 109: file z:/build/build/src/ipc/chromium/src/chrome/common/ipc_channel_win.cc, line 346
[Child 85900, Chrome[Parent 83292, Gecko_IOThread] WARNING: pipe error: 109: file z:/build/build/src/ipc/chromium/src/chrome/common/ipc_channel_win.cc, line 346
[Child 68208, Chrome_ChildThread] WARNING: pipe error: 109: file z:/build/build/src/ipc/chromium/src/chrome/common/ipc_channel_win.cc, line 346
[Child 68208, Chrome_ChildThread]*** UTM:SVC TimerManager:registerTimer called after profile-before-change notification. Ignoring timer registration for id: telemetry_modules_ping
[GPU 89524, Chrome_ChildTh
###!!! [Child][MessageChannel::SendAndWait] Error: Channel error: cannot send/recv

1564590431507	mozrunner::runner	INFO	Running command: "C:\\Program Files\\Mozilla Firefox\\firefox.exe" "-marionette" "-foreground" "-no-remote" "-profile" "C:\\Users\\bproctor\\AppData\\Local\\Temp\\rust_mozprofile.oqnMxhnwxFJ7"
Unable to read VR Path Registry from C:\Users\bproctor\AppData\Local\openvr\openvrpaths.vrpath
Unable to read VR Path Registry from C:\Users\bproctor\AppData\Local\openvr\openvrpaths.vrpath
Unable to read VR Path Registry from C:\Users\bproctor\AppData\Local\openvr\openvrpaths.vrpath
Unable to read VR Path Registry from C:\Users\bproctor\AppData\Local\openvr\openvrpaths.vrpath
Unable to read VR Path Registry from C:\Users\bproctor\AppData\Local\openvr\openvrpaths.vrpath
1564590432756	Marionette	INFO	Listening on port 56067
1564590433171	Marionette	WARN	TLS certificate errors will be ignored for this session
[Child 63824, Chrome_ChildThread] WARNING: pipe error: 109: file z:/build/build/src/ipc/chromium/src/chrome/common/ipc_[Child 69220, Chrome_Cchannel_win.cc, line 346
hildThread] WARNI[NG: pipe error: 109: file z:/build/build/src/ipc/chromium/src/chrome/common/ipc_channel_win.cc, line 346
[Child 69220, C[Child 89488, Chrome_ChildThread] WARNING: pipe error: 109: file z:/build/build/src/ipc/chromium/src/chrome/common/ipc_channel_win.cc, line 346
[Child 89488, Chrome_ChildThread] WARNING: pipe *** UTM:SVC TimerManager:registerTimer called after profile-before-change notification. Ignoring timer registration for id: telemetry_modules_ping

###!!! [Child][MessageChannel::SendAndWait] Error: Channel error: cannot send/recv

1564590491890	mozrunner::runner	INFO	Running command: "C:\\Program Files\\Mozilla Firefox\\firefox.exe" "-marionette" "-foreground" "-no-remote" "-profile" "C:\\Users\\bproctor\\AppData\\Local\\Temp\\rust_mozprofile.0vRUd4Rkzfes"
Unable to read VR Path Registry from C:\Users\bproctor\AppData\Local\openvr\openvrpaths.vrpath
Unable to read VR Path Registry from C:\Users\bproctor\AppData\Local\openvr\openvrpaths.vrpath
Unable to read VR Path Registry from C:\Users\bproctor\AppData\Local\openvr\openvrpaths.vrpath
Unable to read VR Path Registry from C:\Users\bproctor\AppData\Local\openvr\openvrpaths.vrpath
Unable to read VR Path Registry from C:\Users\bproctor\AppData\Local\openvr\openvrpaths.vrpath
1564590493083	Marionette	INFO	Listening on port 56160
1564590493562	Marionette	WARN	TLS certificate errors will be ignored for this session
[Parent 87032, Gecko_IOThread] WARNING: pipe error: 109: file z:/build/build/src/ipc/chromium/src/chrome/common/ipc_channel_win.cc, line 346
[Parent 87032, Gecko_IOThread] WARNING: pipe error: 109: file z:/build/build/src/ipc/chromium/src/chrome/common/ipc_channel_win.cc, line 346
[Child 82200, Chrome_ChildThread] WARNING: pipe error: 109: file z:/build/build/src/ipc/chromium/src/chrome/common/ipc_channel_win[Child 86260, Chrome_ChildThread] WARNING: pipe error: 109: file z:/build/build/src/ipc/chromium/src/chrome/common/ipc_channel_win.cc, line 346
.cc, line 34[6
Child[Child 82200, Chrome_Child [Parent 87032, Gecko_IOThread] WARNING: pipe error: 109: file z:/build/build/src/ipc/chromium/src/chrome/common/ipc_channel_win.cc, line 346
[Child 78128, Chrome_ChildThread] WARNING: pipe error: 109: file z:/build/build/src/ipc/chromium/src/chrome/common/ipc_channel_win.cc, line 346
[Child 78128, Chrome_ChildThread] W*** UTM:SVC TimerManager:registerTimer called after profile-before-change notification. Ignoring timer registration for id: telemetry_modules_ping
[GPU 74380, C
###!!! [Child][MessageChannel::SendAndWait] Error: Channel error: cannot send/recv

1564590546041	mozrunner::runner	INFO	Running command: "C:\\Program Files\\Mozilla Firefox\\firefox.exe" "-marionette" "-foreground" "-no-remote" "-profile" "C:\\Users\\bproctor\\AppData\\Local\\Temp\\rust_mozprofile.yhGySYF4OkE2"
Unable to read VR Path Registry from C:\Users\bproctor\AppData\Local\openvr\openvrpaths.vrpath
Unable to read VR Path Registry from C:\Users\bproctor\AppData\Local\openvr\openvrpaths.vrpath
Unable to read VR Path Registry from C:\Users\bproctor\AppData\Local\openvr\openvrpaths.vrpath
Unable to read VR Path Registry from C:\Users\bproctor\AppData\Local\openvr\openvrpaths.vrpath
Unable to read VR Path Registry from C:\Users\bproctor\AppData\Local\openvr\openvrpaths.vrpath
1564590547291	Marionette	INFO	Listening on port 56255
1564590547677	Marionette	WARN	TLS certificate errors will be ignored for this session
[Parent 89356, Gecko_IOThread] WARNING: pipe error: 109: file z:/build/build/src/ipc/chromium/src/chrome/common/ipc_channel_win.cc, line 346
[Child 90012, Chrome_ChildThread] WARNING: pipe error: 109: file z:/build/build/src/ipc/chromium/src/chrome/common/ipc_channel_win.cc, line 346
[Child 28276, Chrome_ChildThread] WARNING: pipe error: 109: file z:/build/build/src/ipc/chromium/src/chrome/common/ipc_channel_win.cc, line 346
[Child 28276,[Child 76084, Chrome_ChildThread] WARNING: pipe error: 109: file z:/build/build/src/ipc/chromium/src/chrome/common/ipc_channel_win.cc, line 346
[Child 760*** UTM:SVC TimerManager:registerTimer called after profile-before-change notification. Ignoring timer registration for id: telemetry_modules_ping
[GPU 89348, Chrome_ChildThread] WARNIN
###!!! [Child][MessageChannel::SendAndWait] Error: Channel error: cannot send/recv

1564591021773	mozrunner::runner	INFO	Running command: "C:\\Program Files\\Mozilla Firefox\\firefox.exe" "-marionette" "-foreground" "-no-remote" "-profile" "C:\\Users\\bproctor\\AppData\\Local\\Temp\\rust_mozprofile.lTo4U7tJN9o8"
Unable to read VR Path Registry from C:\Users\bproctor\AppData\Local\openvr\openvrpaths.vrpath
Unable to read VR Path Registry from C:\Users\bproctor\AppData\Local\openvr\openvrpaths.vrpath
Unable to read VR Path Registry from C:\Users\bproctor\AppData\Local\openvr\openvrpaths.vrpath
Unable to read VR Path Registry from C:\Users\bproctor\AppData\Local\openvr\openvrpaths.vrpath
Unable to read VR Path Registry from C:\Users\bproctor\AppData\Local\openvr\openvrpaths.vrpath
1564591023028	Marionette	INFO	Listening on port 56801
1564591023409	Marionette	WARN	TLS certificate errors will be ignored for this session
[Ch[Child 68452, Chrome_ChildThread] WARNING: pipe error: 109: file z:/build/build/src/ipc/chromium/src/chrome/common/ipc_channel_win.cc, line 346
[Child 68452, Chrom[Child 42408, Chrome_ChildThread] WARNING: pipe error: 109: file z:/build/build/src/ipc/chromium/src/chrome/common/ipc_channel_win.cc, line 346
[Child 42408, Chrome_ChildThr*** UTM:SVC TimerManager:registerTimer called after profile-before-change notification. Ignoring timer registration for id: telemetry_modules_ping

###!!! [Child][MessageChannel::SendAndWait] Error: Channel error: cannot send/recv

1564591173551	mozrunner::runner	INFO	Running command: "C:\\Program Files\\Mozilla Firefox\\firefox.exe" "-marionette" "-foreground" "-no-remote" "-profile" "C:\\Users\\bproctor\\AppData\\Local\\Temp\\rust_mozprofile.Fm4oX6Gszfcn"
Unable to read VR Path Registry from C:\Users\bproctor\AppData\Local\openvr\openvrpaths.vrpath
Unable to read VR Path Registry from C:\Users\bproctor\AppData\Local\openvr\openvrpaths.vrpath
Unable to read VR Path Registry from C:\Users\bproctor\AppData\Local\openvr\openvrpaths.vrpath
Unable to read VR Path Registry from C:\Users\bproctor\AppData\Local\openvr\openvrpaths.vrpath
Unable to read VR Path Registry from C:\Users\bproctor\AppData\Local\openvr\openvrpaths.vrpath
1564591174784	Marionette	INFO	Listening on port 56989
1564591175224	Marionette	WARN	TLS certificate errors will be ignored for this session
[Parent 76356, Gecko_IOThread] WARNING: pipe error: 109: file z:/build/build/src/ipc/chromium/src/chrome/common/ipc_channel_win.cc, line 346
[Parent 76356, Gecko_IOThread] WARNING: pipe error: 109: file z:/build/build/src/ipc/chromium/src/chrome/common/ipc_channel_win.cc, line 346
[Child 89736, Chrome_ChildThread] WARNING: pipe error: 109: file z:/build/build/src/ipc/chromium/src/chrome/common/ipc_channel_win.cc, line 346
[Child 89736, Chrome_ChildThread] WARNING: pipe error: 109: fi[Parent 76356, Gecko_IOThread] WARNING: pipe error: 109: file z:/build/build/src/ipc/chromium/src/chrome/common/ipc_channel_win.cc, line 346
[Child 18696, Chrome_ChildThread] WARNING: pipe error: 109: file z:/build/build/src/ipc/chromium/src/chrome/common/ipc_channel_win.cc, line 346
[Child 18696, Chrome_*** UTM:SVC TimerManager:registerTimer called after profile-before-change notification. Ignoring timer registration for id: telemetry_modules_ping
[GPU 26340, Ch
###!!! [Child][MessageChannel::SendAndWait] Error: Channel error: cannot send/recv

1564591379921	mozrunner::runner	INFO	Running command: "C:\\Program Files\\Mozilla Firefox\\firefox.exe" "-marionette" "-foreground" "-no-remote" "-profile" "C:\\Users\\bproctor\\AppData\\Local\\Temp\\rust_mozprofile.ysnpDElN5gl3"
Unable to read VR Path Registry from C:\Users\bproctor\AppData\Local\openvr\openvrpaths.vrpath
Unable to read VR Path Registry from C:\Users\bproctor\AppData\Local\openvr\openvrpaths.vrpath
Unable to read VR Path Registry from C:\Users\bproctor\AppData\Local\openvr\openvrpaths.vrpath
Unable to read VR Path Registry from C:\Users\bproctor\AppData\Local\openvr\openvrpaths.vrpath
Unable to read VR Path Registry from C:\Users\bproctor\AppData\Local\openvr\openvrpaths.vrpath
1564591381146	Marionette	INFO	Listening on port 57214
1564591381600	Marionette	WARN	TLS certificate errors will be ignored for this session
[Parent 40940, Gecko_IOThread] WARNING: pipe error: 109: file z:/build/build/src/ipc/chromium/src/chrome/common/ipc_channel_win.cc, line 346
[Child 73652, Chrome_ChildThread] WARNING: pipe error: 109: file z:/build/build/src/ipc/chromium/src/chrome/common/ipc_channel_win.cc, line 346
[Child 73652*** UTM:SVC TimerManager:registerTimer called after profile-before-change notification. Ignoring timer registration for id: telemetry_modules_ping
[GPU 45040, Chrome_Ch
###!!! [Child][MessageChannel::SendAndWait] Error: Channel error: cannot send/recv

1564591600760	mozrunner::runner	INFO	Running command: "C:\\Program Files\\Mozilla Firefox\\firefox.exe" "-marionette" "-foreground" "-no-remote" "-profile" "C:\\Users\\bproctor\\AppData\\Local\\Temp\\rust_mozprofile.upsB63RwJKu2"
Unable to read VR Path Registry from C:\Users\bproctor\AppData\Local\openvr\openvrpaths.vrpath
Unable to read VR Path Registry from C:\Users\bproctor\AppData\Local\openvr\openvrpaths.vrpath
Unable to read VR Path Registry from C:\Users\bproctor\AppData\Local\openvr\openvrpaths.vrpath
Unable to read VR Path Registry from C:\Users\bproctor\AppData\Local\openvr\openvrpaths.vrpath
Unable to read VR Path Registry from C:\Users\bproctor\AppData\Local\openvr\openvrpaths.vrpath
1564591601959	Marionette	INFO	Listening on port 57453
1564591602411	Marionette	WARN	TLS certificate errors will be ignored for this session
JavaScript error: https://www.sagemember.com/js/bootstrap.min.js, line 6: Error: Bootstrap's JavaScript requires jQuery
JavaScript error: https://www.sagemember.com/js/bootstrap.min.js, line 6: Error: Bootstrap's JavaScript requires jQuery
[Parent 63176, Gecko_IOThread] WARNING: pipe error: 109: file z:/build/build/src/ipc/chromium/src/chrome/common/ipc_channel_win.cc, line 346
[Parent 63176, Gecko_IOThread] WARNING: pipe error: 109: file z:/build/build/src/ipc/chromium/src/chrome/common/ipc_channel_win.cc, line 346
[Child 83516, Chrome_ChildThread] WARNING: pipe error: 109: file z:/build/build/src/ipc/chromium/src/chrome/common/ipc_channel_win.cc, line 346
[Child 83516, Chrome_ChildThread] WARNING: pipe error:[Child 82012, Chrome_ChildThread] WARNING: pipe error: 109: file z:/build/build/src/ipc/chromium/src/chrome/common/ipc_channel_win.cc, line 346
[Child 82012, [Parent 63176, Gecko_IOThread] WARNING: pipe error: 109: file z:/build/build/src/ipc/chromium/src/chrome/common/ipc_channel_win.cc, line 346
[Child 66220, Chrome_ChildThread] WARNING: pipe error: 109: file z:/build/build/src/ipc/chromium/src/chrome/common/ipc_channel_win.cc, line 346
[Child 6622[Parent 63176, Gecko_IOThread] WARNING: file z:/build/build/src/ipc/chromium/src/base/process_util_win.cc, line 188
*** UTM:SVC TimerManager:registerTimer called after profile-before-change notification. Ignoring timer registration for id: telemetry_modules_ping
[GPU 81592, Ch
###!!! [Child][MessageChannel::SendAndWait] Error: Channel error: cannot send/recv

1564591629906	mozrunner::runner	INFO	Running command: "C:\\Program Files\\Mozilla Firefox\\firefox.exe" "-marionette" "-foreground" "-no-remote" "-profile" "C:\\Users\\bproctor\\AppData\\Local\\Temp\\rust_mozprofile.kXyLcFOb2SHK"
Unable to read VR Path Registry from C:\Users\bproctor\AppData\Local\openvr\openvrpaths.vrpath
Unable to read VR Path Registry from C:\Users\bproctor\AppData\Local\openvr\openvrpaths.vrpath
Unable to read VR Path Registry from C:\Users\bproctor\AppData\Local\openvr\openvrpaths.vrpath
Unable to read VR Path Registry from C:\Users\bproctor\AppData\Local\openvr\openvrpaths.vrpath
Unable to read VR Path Registry from C:\Users\bproctor\AppData\Local\openvr\openvrpaths.vrpath
1564591631124	Marionette	INFO	Listening on port 57530
1564591631571	Marionette	WARN	TLS certificate errors will be ignored for this session
JavaScript error: https://www.sagemember.com/js/bootstrap.min.js, line 6: Error: Bootstrap's JavaScript requires jQuery
JavaScript error: https://www.sagemember.com/js/bootstrap.min.js, line 6: Error: Bootstrap's JavaScript requires jQuery
[Child 82244, Chrome_Ch[Child 91844, Chrome_ChildThread] WARNING: pipe error: 109: file z:/build/build/src/ipc/chromium/src/chrome/common/ipc_channel_win.cc, line 346
[Child 918*** UTM:SVC TimerManager:registerTimer called after profile-before-change notification. Ignoring timer registration for id: telemetry_modules_ping
[GPU 28684, Chrome
###!!! [Child][MessageChannel::SendAndWait] Error: Channel error: cannot send/recv

1564591659521	mozrunner::runner	INFO	Running command: "C:\\Program Files\\Mozilla Firefox\\firefox.exe" "-marionette" "-foreground" "-no-remote" "-profile" "C:\\Users\\bproctor\\AppData\\Local\\Temp\\rust_mozprofile.J8fSHobCgClB"
Unable to read VR Path Registry from C:\Users\bproctor\AppData\Local\openvr\openvrpaths.vrpath
Unable to read VR Path Registry from C:\Users\bproctor\AppData\Local\openvr\openvrpaths.vrpath
Unable to read VR Path Registry from C:\Users\bproctor\AppData\Local\openvr\openvrpaths.vrpath
Unable to read VR Path Registry from C:\Users\bproctor\AppData\Local\openvr\openvrpaths.vrpath
Unable to read VR Path Registry from C:\Users\bproctor\AppData\Local\openvr\openvrpaths.vrpath
1564591660717	Marionette	INFO	Listening on port 57599
1564591661205	Marionette	WARN	TLS certificate errors will be ignored for this session
JavaScript error: https://www.sagemember.com/js/bootstrap.min.js, line 6: Error: Bootstrap's JavaScript requires jQuery
JavaScript error: https://www.sagemember.com/js/bootstrap.min.js, line 6: Error: Bootstrap's JavaScript requires jQuery
[Parent 85652, Gecko_IOThread] WARNING: pipe error: 109: file z:/build/build/src/ipc/chromium/src/chrome/common/ipc_channel_win.cc, line 346
[Parent 85652, Gecko_IOThread] WARNING: pipe error: 109: file z:/build/build/src/ipc/chromium/src/chrome/common/ipc_channel_win.cc, line 346
[Child 75048, Chrome_ChildThread] WARNING: pipe error: 109: file z:/build/build/src/ipc/chromium/src/chrome/common/ipc_channel_win.cc, line 346
[Child 75048, [Child 26244, Chrome_ChildThread] WARNING: pipe error: 109: file z:/build/build/src/ipc/chromium/src/chrome/common/ipc_channel_win.cc, line 346
[Child 26244, Chrome_ChildThread[Parent 85652, Gecko_IOThread] WARNING: pipe error: 109: file z:/build/build/src/ipc/chromium/src/chrome/common/ipc_channel_win.cc, line 346
[Child 88112, Chrome_ChildThread] WARNING: pipe error: 109: file z:/build/build/src/ipc/chromium/src/chrome/common/ipc_channel_win.cc, line 346
[Child 88112[GPU 46988, Chrome_
###!!! [Child][MessageChannel::SendAndWait] Error: Channel error: cannot send/recv

1564592980641	mozrunner::runner	INFO	Running command: "C:\\Program Files\\Mozilla Firefox\\firefox.exe" "-marionette" "-foreground" "-no-remote" "-profile" "C:\\Users\\bproctor\\AppData\\Local\\Temp\\rust_mozprofile.ermxAD1yxO2u"
Unable to read VR Path Registry from C:\Users\bproctor\AppData\Local\openvr\openvrpaths.vrpath
Unable to read VR Path Registry from C:\Users\bproctor\AppData\Local\openvr\openvrpaths.vrpath
Unable to read VR Path Registry from C:\Users\bproctor\AppData\Local\openvr\openvrpaths.vrpath
Unable to read VR Path Registry from C:\Users\bproctor\AppData\Local\openvr\openvrpaths.vrpath
Unable to read VR Path Registry from C:\Users\bproctor\AppData\Local\openvr\openvrpaths.vrpath
1564592981838	Marionette	INFO	Listening on port 58818
1564592982302	Marionette	WARN	TLS certificate errors will be ignored for this session
JavaScript error: https://www.sagemember.com/js/bootstrap.min.js, line 6: Error: Bootstrap's JavaScript requires jQuery
JavaScript error: https://www.sagemember.com/js/bootstrap.min.js, line 6: Error: Bootstrap's JavaScript requires jQuery
[Child 89952, Chrome_ChildThread] WARNING: pipe error: 109: file z:/build/build/src/ipc/chromium/src/chrome/common/ipc_channel_win.cc, line 346[Child 77752, Chrome_ChildThread] WARNING: pipe error: 109
: file z:/b[uChildild/build/src/ipc/chromium/src/chrome/common/ipc_channel_win.cc, line 346
[Child 77752, [Parent 68236, Gecko_IOThread] WARNING: pipe error: 109: file z:/build/build/src/ipc/chromium/src/chrome/common/ipc_channel_win.cc, line 346
[Child 37152, Chrome_ChildThread] WARNING: pipe error: 109: file z:/build/build/src/ipc/chromium/src/chrome/common/ipc_channel_win.cc, line 346
[Child 37152, [GPU 34068, Chrome
###!!! [Child][MessageChannel::SendAndWait] Error: Channel error: cannot send/recv

1564593481479	mozrunner::runner	INFO	Running command: "C:\\Program Files\\Mozilla Firefox\\firefox.exe" "-marionette" "-foreground" "-no-remote" "-profile" "C:\\Users\\bproctor\\AppData\\Local\\Temp\\rust_mozprofile.2kwYE74w1WLm"
Unable to read VR Path Registry from C:\Users\bproctor\AppData\Local\openvr\openvrpaths.vrpath
Unable to read VR Path Registry from C:\Users\bproctor\AppData\Local\openvr\openvrpaths.vrpath
Unable to read VR Path Registry from C:\Users\bproctor\AppData\Local\openvr\openvrpaths.vrpath
Unable to read VR Path Registry from C:\Users\bproctor\AppData\Local\openvr\openvrpaths.vrpath
Unable to read VR Path Registry from C:\Users\bproctor\AppData\Local\openvr\openvrpaths.vrpath
1564593482714	Marionette	INFO	Listening on port 62346
1564593483145	Marionette	WARN	TLS certificate errors will be ignored for this session
JavaScript error: https://www.sagemember.com/js/bootstrap.min.js, line 6: Error: Bootstrap's JavaScript requires jQuery
JavaScript error: https://www.sagemember.com/js/bootstrap.min.js, line 6: Error: Bootstrap's JavaScript requires jQuery
IPDL protocol error: Handler returned error code!

###!!! [Parent][DispatchAsyncMessage] Error: PLayerTransaction::Msg_ReleaseLayer Processing error: message was deserialized, but the handler returned false (indicating failure)

IPDL protocol error: Handler returned error code!

###!!! [Parent][DispatchAsyncMessage] Error: PLayerTransaction::Msg_ReleaseLayer Processing error: message was deserialized, but the handler returned false (indicating failure)

IPDL protocol error: Handler returned error code!

###!!! [Parent][DispatchAsyncMessage] Error: PLayerTransaction::Msg_ReleaseLayer Processing error: message was deserialized, but the handler returned false (indicating failure)

IPDL protocol error: Handler returned error code!

###!!! [Parent][DispatchAsyncMessage] Error: PLayerTransaction::Msg_ReleaseLayer Processing error: message was deserialized, but the handler returned false (indicating failure)

IPDL protocol error: Handler returned error code!

###!!! [Parent][DispatchAsyncMessage] Error: PLayerTransaction::Msg_ReleaseLayer Processing error: message was deserialized, but the handler returned false (indicating failure)

[Parent 59060, Gecko_IOThread] WARNING: pipe error: 109: file z:/build/build/src/ipc/chromium/src/chrome/common/ipc_channel_win.cc, line 346
[Child 79068, Chrome_ChildThread] WARNING: pipe error: 109: file z:/build/build/src/ipc/chromium/src/chrome/common/ipc_channel_win.cc, line 346
[Child[Child 79068, Chrome_Chil 71944, Chrome_ChildThread] WARNING: pipe error: 109: file z:/build/build/src/ipc/chromium/src/chrome/common/ipc_channel_win.cc, line 346
[Child 71*** UTM:SVC TimerManager:registerTimer called after profile-before-change notification. Ignoring timer registration for id: telemetry_modules_ping
[GPU 78328, Chr
###!!! [Child][MessageChannel::SendAndWait] Error: Channel error: cannot send/recv

1564593512435	mozrunner::runner	INFO	Running command: "C:\\Program Files\\Mozilla Firefox\\firefox.exe" "-marionette" "-foreground" "-no-remote" "-profile" "C:\\Users\\bproctor\\AppData\\Local\\Temp\\rust_mozprofile.VHYwTy7E9BcB"
Unable to read VR Path Registry from C:\Users\bproctor\AppData\Local\openvr\openvrpaths.vrpath
Unable to read VR Path Registry from C:\Users\bproctor\AppData\Local\openvr\openvrpaths.vrpath
Unable to read VR Path Registry from C:\Users\bproctor\AppData\Local\openvr\openvrpaths.vrpath
Unable to read VR Path Registry from C:\Users\bproctor\AppData\Local\openvr\openvrpaths.vrpath
Unable to read VR Path Registry from C:\Users\bproctor\AppData\Local\openvr\openvrpaths.vrpath
1564593513663	Marionette	INFO	Listening on port 62419
1564593514065	Marionette	WARN	TLS certificate errors will be ignored for this session
JavaScript error: https://www.sagemember.com/js/bootstrap.min.js, line 6: Error: Bootstrap's JavaScript requires jQuery
JavaScript error: https://www.sagemember.com/js/bootstrap.min.js, line 6: Error: Bootstrap's JavaScript requires jQuery
[Child 74160, Chrome_ChildThread] WARNING: pipe error: 109: file z:/build/build/src/ipc/chromium/src/chrome/common/ipc_channel_win.cc, line 346
[Child 74[Child 17268, Chrome_ChildThread] WARNING: pipe error: 109: file z:/build/build/src/ipc/chromium/src/chrome/common/ipc_channel_win.cc, line 346
[Child 17268, Ch[Child 84364, Chrome_ChildThread] WARNING: pipe error: 109: file z:/build/build/src/ipc/chromium/src/chrome/common/ipc_channel_win.cc, line 346
[Child 84364*** UTM:SVC TimerManager:registerTimer called after profile-before-change notification. Ignoring timer registration for id: telemetry_modules_ping
[GPU 20552, Chro
###!!! [Child][MessageChannel::SendAndWait] Error: Channel error: cannot send/recv

1564593690668	mozrunner::runner	INFO	Running command: "C:\\Program Files\\Mozilla Firefox\\firefox.exe" "-marionette" "-foreground" "-no-remote" "-profile" "C:\\Users\\bproctor\\AppData\\Local\\Temp\\rust_mozprofile.NOM2wq3sYzze"
Unable to read VR Path Registry from C:\Users\bproctor\AppData\Local\openvr\openvrpaths.vrpath
Unable to read VR Path Registry from C:\Users\bproctor\AppData\Local\openvr\openvrpaths.vrpath
Unable to read VR Path Registry from C:\Users\bproctor\AppData\Local\openvr\openvrpaths.vrpath
Unable to read VR Path Registry from C:\Users\bproctor\AppData\Local\openvr\openvrpaths.vrpath
Unable to read VR Path Registry from C:\Users\bproctor\AppData\Local\openvr\openvrpaths.vrpath
1564593691896	Marionette	INFO	Listening on port 62606
1564593692353	Marionette	WARN	TLS certificate errors will be ignored for this session
JavaScript error: https://www.sagemember.com/js/bootstrap.min.js, line 6: Error: Bootstrap's JavaScript requires jQuery
JavaScript error: https://www.sagemember.com/js/bootstrap.min.js, line 6: Error: Bootstrap's JavaScript requires jQuery
[Parent 39748, Gecko_IOThread] WARNING: pipe error: 109: file z:/build/build/src/ipc/chromium/src/chrome/common/ipc_channel_win.cc, line 346
[Child 52124, Chrome_ChildThread] WARNING: pipe error: 109: file z:/build/build/src/ipc/chromium/src/chrome/common/ipc_channel_win.cc[Child 8740, line 346
8, Chr[Child 52124, ome_ChildThread] WARNING: pipe error: 109: file z:/build/build/src/ipc/chromium/src/chrome/common/ipc_channel_win.cc, line 346
[Child 87408, Ch
###!!! [Child][MessageChannel::SendAndWait] Error: Channel error: cannot send/recv

1564593853449	mozrunner::runner	INFO	Running command: "C:\\Program Files\\Mozilla Firefox\\firefox.exe" "-marionette" "-foreground" "-no-remote" "-profile" "C:\\Users\\bproctor\\AppData\\Local\\Temp\\rust_mozprofile.9Zg0JATL2KpU"
Unable to read VR Path Registry from C:\Users\bproctor\AppData\Local\openvr\openvrpaths.vrpath
Unable to read VR Path Registry from C:\Users\bproctor\AppData\Local\openvr\openvrpaths.vrpath
Unable to read VR Path Registry from C:\Users\bproctor\AppData\Local\openvr\openvrpaths.vrpath
Unable to read VR Path Registry from C:\Users\bproctor\AppData\Local\openvr\openvrpaths.vrpath
Unable to read VR Path Registry from C:\Users\bproctor\AppData\Local\openvr\openvrpaths.vrpath
1564593854699	Marionette	INFO	Listening on port 62787
1564593855133	Marionette	WARN	TLS certificate errors will be ignored for this session
JavaScript error: https://www.sagemember.com/js/bootstrap.min.js, line 6: Error: Bootstrap's JavaScript requires jQuery
JavaScript error: https://www.sagemember.com/js/bootstrap.min.js, line 6: Error: Bootstrap's JavaScript requires jQuery
[Parent 51488, Gecko_IOThread] WARNING: pipe error: 109: file z:/build/build/src/ipc/chromium/src/chrome/common/ipc_channel_win.cc, line 346
[Parent 51488, Gecko_IOThread] WARNING: pipe error: 109: file z:/build/build/src/ipc/chromium/src/chrome/common/ipc_channel_win.cc, line 346
[Child 81828, Chrome_ChildThread] WARNING: pipe error: 109: file z:/build/build/src/ipc/chromium/src/chrome/common/ipc_channel_win.cc, line 346
[Child 81828, Ch[Child 59780, Chrome_ChildThread] WARNING: pipe error: 109: file z:/build/build/src/ipc/chromium/src/chrome/common/ipc_channel_win.cc, line 346
[Child 59780, Chrome_[Parent 51488, Gecko_IOThread] WARNING: pipe error: 109: file z:/build/build/src/ipc/chromium/src/chrome/common/ipc_channel_win.cc, line 346
[Child 85048, Chrome_ChildThread] WARNING: pipe error: 109: file z:/build/build/src/ipc/chromium/src/chrome/common/ipc_channel_win.cc, line 346
[Child 850*** UTM:SVC TimerManager:registerTimer called after profile-before-change notification. Ignoring timer registration for id: telemetry_modules_ping

###!!! [Child][MessageChannel::SendAndWait] Error: Channel error: cannot send/recv

1564593880322	mozrunner::runner	INFO	Running command: "C:\\Program Files\\Mozilla Firefox\\firefox.exe" "-marionette" "-foreground" "-no-remote" "-profile" "C:\\Users\\bproctor\\AppData\\Local\\Temp\\rust_mozprofile.JB1fRhTJsEAq"
Unable to read VR Path Registry from C:\Users\bproctor\AppData\Local\openvr\openvrpaths.vrpath
Unable to read VR Path Registry from C:\Users\bproctor\AppData\Local\openvr\openvrpaths.vrpath
Unable to read VR Path Registry from C:\Users\bproctor\AppData\Local\openvr\openvrpaths.vrpath
Unable to read VR Path Registry from C:\Users\bproctor\AppData\Local\openvr\openvrpaths.vrpath
Unable to read VR Path Registry from C:\Users\bproctor\AppData\Local\openvr\openvrpaths.vrpath
1564593881545	Marionette	INFO	Listening on port 62853
1564593881982	Marionette	WARN	TLS certificate errors will be ignored for this session
JavaScript error: https://www.sagemember.com/js/bootstrap.min.js, line 6: Error: Bootstrap's JavaScript requires jQuery
JavaScript error: https://www.sagemember.com/js/bootstrap.min.js, line 6: Error: Bootstrap's JavaScript requires jQuery
[Parent 81896, Gecko_IOThread] WARNING: pipe error: 109: file z:/build/build/src/ipc/chromium/src/chrome/common/ipc_channel_win.cc, line 346
[Parent 81896, Gecko_IOThread] WARNING: pipe error: 109: file z:/build/build/src/ipc/chromium/src/chrome/common/ipc_channel_win.cc, line 346
[Child 87392, Chrome_ChildThread] WARNING: pipe error: 109: file z:/build/build/src/ipc/chromium/src/chrome/common/ipc_channel_win.cc, line 346
[Child 87392, [Parent 81896, Gecko_IOThread] WARNING: pipe error: 109: file z:/build/build/src/ipc/chromium/src/chrome/common/ipc_channel_win.cc, line 346
[Child 64324, Chrome_ChildThread] WARNING: pipe error: 109: file z:/build/build/src/ipc/chromium/src/chrome/common/ipc_channel_win.cc, line 346
[Child 64324, C[GPU 88648, Chrome_ChildThread] WARNING: 
###!!! [Child][MessageChannel::SendAndWait] Error: Channel error: cannot send/recv

s://www.sagemember.com/js/bootstrap.min.js, line 6: Error: Bootstrap's JavaScript requires jQuery
JavaScript error: https://www.sagemember.com/js/bootstrap.min.js, line 6: Error: Bootstrap's JavaScript requires jQuery
[Child 78140, Chrome_ChildThread] WARNING: pipe error: 109: file z:/build/build/src/ipc/chromium/src/chrome/common/ipc_channel_win.[cCch, line 346
ild 64144, Chrome_ChildThread] WARNING: pipe error: 109: file z:/build/build/src/ipc/chromium/src/chrome/common/ipc_channel_win.cc, line 346
[Child 64144, [Parent 88620, Gecko_IOThread] WARNING: pipe error: 109: file z:/build/build/src/ipc/chromium/src/chrome/common/ipc_channel_win.cc, line 346
[Child 78272, Chrome_ChildThread] WARNING: pipe error: 109: file z:/build/build/src/ipc/chromium/src/chrome/common/ipc_channel_win.cc, line 346
[Child 78272, Ch[GPU 64456, Chrome_Chi
###!!! [Child][MessageChannel::SendAndWait] Error: Channel error: cannot send/recv

1564594189760	mozrunner::runner	INFO	Running command: "C:\\Program Files\\Mozilla Firefox\\firefox.exe" "-marionette" "-foreground" "-no-remote" "-profile" "C:\\Users\\bproctor\\AppData\\Local\\Temp\\rust_mozprofile.vpKNLfh6ugbd"
Unable to read VR Path Registry from C:\Users\bproctor\AppData\Local\openvr\openvrpaths.vrpath
Unable to read VR Path Registry from C:\Users\bproctor\AppData\Local\openvr\openvrpaths.vrpath
Unable to read VR Path Registry from C:\Users\bproctor\AppData\Local\openvr\openvrpaths.vrpath
Unable to read VR Path Registry from C:\Users\bproctor\AppData\Local\openvr\openvrpaths.vrpath
Unable to read VR Path Registry from C:\Users\bproctor\AppData\Local\openvr\openvrpaths.vrpath
1564594190984	Marionette	INFO	Listening on port 63216
1564594191411	Marionette	WARN	TLS certificate errors will be ignored for this session
JavaScript error: https://www.sagemember.com/js/bootstrap.min.js, line 6: Error: Bootstrap's JavaScript requires jQuery
JavaScript error: https://www.sagemember.com/js/bootstrap.min.js, line 6: Error: Bootstrap's JavaScript requires jQuery
[Parent 44652, Gecko_IOThread] WARNING: pipe error: 109: file z:/build/build/src/ipc/chromium/src/chrome/common/ipc_channel_win.cc, line 346
[Parent 44652, Gecko_IOThread] WARNING: pipe error: 109: file z:/build/build/src/ipc/chromium/src/chrome/common/ipc_channel_win.cc, line 346
[Child 81736, Chrome_ChildThread] WARNING: pipe error: 109: file z:/[Child 26392,b uCihld/build/src/ipc/chromium/src/chrome/commroonm/ei_pCch_iclhdaTnhnreela_dw]i nW.AcRNING: pipe error: 109: file z:/build/build/src/ipc/chromium/src/chrome/common/ipc_channel_win.cc, line 346c
, line 34[Child 263926
[Child 81736, Chrome_[Parent 44652, Gecko_IOThread] WARNING: pipe error: 109: file z:/build/build/src/ipc/chromium/src/chrome/common/ipc_channel_win.cc, line 346
*** UTM:SVC TimerManager:registerTimer called after profile-before-change notification. Ignoring timer registration for id: telemetry_modules_ping
[GPU 63292, 
###!!! [Child][MessageChannel::SendAndWait] Error: Channel error: cannot send/recv

//www.sagemember.com/js/bootstrap.min.js, line 6: Error: Bootstrap's JavaScript requires jQuery
[Child 83792, Chrome_ChildThread] WARNING: pipe error: 109: file z:/build/build/src/ipc/chromium/src/chrome/common/ipc_channel_win.cc, line 346
[[Child 3C5hild 83152, Chrome_ChildThread] WARNING: pipe error: 109: file z:/build/build/src/ipc/chromium/src/chrome/common/ipc_channel_win.cc, line 346
[Child 35152, [Parent 64828, Gecko_IOThread] WARNING: pipe error: 109: file z:/build/build/src/ipc/chromium/src/chrome/common/ipc_channel_win.cc, line 346
[Child 51368, Chrome_ChildThread] WARNING: pipe error: 109: file z:/build/build/src/ipc/chromium/src/chrome/common/ipc_channel_win.cc, line 346
[Child 51368, Chro*** UTM:SVC TimerManager:registerTimer called after profile-before-change notification. Ignoring timer registration for id: telemetry_modules_ping
[GPU 64552, Chrome_C
###!!! [Child][MessageChannel::SendAndWait] Error: Channel error: cannot send/recv

1564594279822	mozrunner::runner	INFO	Running command: "C:\\Program Files\\Mozilla Firefox\\firefox.exe" "-marionette" "-foreground" "-no-remote" "-profile" "C:\\Users\\bproctor\\AppData\\Local\\Temp\\rust_mozprofile.paAX9j3Qf36M"
Unable to read VR Path Registry from C:\Users\bproctor\AppData\Local\openvr\openvrpaths.vrpath
Unable to read VR Path Registry from C:\Users\bproctor\AppData\Local\openvr\openvrpaths.vrpath
Unable to read VR Path Registry from C:\Users\bproctor\AppData\Local\openvr\openvrpaths.vrpath
Unable to read VR Path Registry from C:\Users\bproctor\AppData\Local\openvr\openvrpaths.vrpath
Unable to read VR Path Registry from C:\Users\bproctor\AppData\Local\openvr\openvrpaths.vrpath
1564594281015	Marionette	INFO	Listening on port 63372
1564594281486	Marionette	WARN	TLS certificate errors will be ignored for this session
JavaScript error: https://www.sagemember.com/js/bootstrap.min.js, line 6: Error: Bootstrap's JavaScript requires jQuery
JavaScript error: https://www.sagemember.com/js/bootstrap.min.js, line 6: Error: Bootstrap's JavaScript requires jQuery
IPDL protocol error: Handler returned error code!

###!!! [Parent][DispatchAsyncMessage] Error: PLayerTransaction::Msg_ReleaseLayer Processing error: message was deserialized, but the handler returned false (indicating failure)

IPDL protocol error: Handler returned error code!

###!!! [Parent][DispatchAsyncMessage] Error: PLayerTransaction::Msg_ReleaseLayer Processing error: message was deserialized, but the handler returned false (indicating failure)

IPDL protocol error: Handler returned error code!

###!!! [Parent][DispatchAsyncMessage] Error: PLayerTransaction::Msg_ReleaseLayer Processing error: message was deserialized, but the handler returned false (indicating failure)

IPDL protocol error: Handler returned error code!

###!!! [Parent][DispatchAsyncMessage] Error: PLayerTransaction::Msg_ReleaseLayer Processing error: message was deserialized, but the handler returned false (indicating failure)

IPDL protocol error: Handler returned error code!

###!!! [Parent][DispatchAsyncMessage] Error: PLayerTransaction::Msg_ReleaseLayer Processing error: message was deserialized, but the handler returned false (indicating failure)

[Child 46988, Chrome_ChildThread] WARNING: pipe error: 109: file z:/build/build/src/ipc/chromium/src/chrome/common/ipc_channel_win.cc, line 346
[Child 46988[Parent 70320, Gecko_IOThread] WARNING: pipe error: 109: file z:/build/build/src/ipc/chromium/src/chrome/common/ipc_channel_win.cc, line 346
[Child 88852, Chrome_ChildThread] WARNING: pipe error: 109: file z:/build/build/src/ipc/chromium/src/chrome/common/ipc_channel_win.cc, line 346
[Child 88852[GPU 88212, C
###!!! [Child][MessageChannel::SendAndWait] Error: Channel error: cannot send/recv

1564782385225	mozrunner::runner	INFO	Running command: "C:\\Program Files (x86)\\Mozilla Firefox\\firefox.exe" "-marionette" "-foreground" "-no-remote" "-profile" "C:\\Users\\bproctor\\AppData\\Local\\Temp\\rust_mozprofile.8yCfUIu2cV9D"
1564782385564	addons.webextension.screenshots@mozilla.org	WARN	Loading extension 'screenshots@mozilla.org': Reading manifest: Invalid extension permission: mozillaAddons
1564782385564	addons.webextension.screenshots@mozilla.org	WARN	Loading extension 'screenshots@mozilla.org': Reading manifest: Invalid extension permission: telemetry
1564782385565	addons.webextension.screenshots@mozilla.org	WARN	Loading extension 'screenshots@mozilla.org': Reading manifest: Invalid extension permission: resource://pdf.js/
1564782385565	addons.webextension.screenshots@mozilla.org	WARN	Loading extension 'screenshots@mozilla.org': Reading manifest: Invalid extension permission: about:reader*
1564782386826	Marionette	INFO	Listening on port 49556
1564782386929	Marionette	WARN	TLS certificate errors will be ignored for this session
JavaScript error: https://www.sagemember.com/js/bootstrap.min.js, line 6: Error: Bootstrap's JavaScript requires jQuery
JavaScript error: https://www.sagemember.com/js/bootstrap.min.js, line 6: Error: Bootstrap's JavaScript requires jQuery
console.error: BroadcastService: 
  receivedBroadcastMessage: handler for
  remote-settings/monitor_changes
  threw error:
  Message: Error: Polling for changes failed: http://%(server)s/dummy/blocklist//buckets/monitor/collections/changes/records?_expected=%221564608481083%22 is not a valid URL..
  Stack:
    remoteSettingsFunction/remoteSettings.pollChanges@resource://services-settings/remote-settings.js:201:13

console.warn: "Error while detaching the thread front: 'detach' request packet to 'server1.conn0.child1/context18' can't be sent as the connection is closed."
[Child 15008, Chrome_ChildThread] WARNING: pipe error: 109: file z:/task_1563383129/build/src/ipc/chromium/src/chrome/common/ipc_channel_win.cc, line 341
[Child 15008, Chro[Child 20548, Chrome_ChildThread] WARNING: pipe error: 109: file z:/task_1563383129/build/src/ipc/chromium/src/chrome/common/ipc_channel_win.cc, line 341
[Child 20548[Child 44616, Chrome_ChildThread] WARNING: pipe error: 109: file z:/task_1563383129/build/src/ipc/chromium/src/chrome/common/ipc_channel_win.cc, line 341
[Child 44616,1564782853883	Marionette	INFO	Stopped listening on port 49556
[GPU 68652, 
###!!! [Child][MessageChannel::SendAndWait] Error: Channel error: cannot send/recv

'screenshots@mozilla.org': Reading manifest: Invalid extension permission: about:reader*
1564782789859	Marionette	INFO	Listening on port 49971
1564782789931	Marionette	WARN	TLS certificate errors will be ignored for this session
JavaScript error: https://www.sagemember.com/js/bootstrap.min.js, line 6: Error: Bootstrap's JavaScript requires jQuery
JavaScript error: https://www.sagemember.com/js/bootstrap.min.js, line 6: Error: Bootstrap's JavaScript requires jQuery
[Child 96292, Chrome_ChildThread] WARNING: pipe error: 109: file z:/task_1563383129/b[Child 95644, Chrome_ChildThread] WARuNiIlNG: pipe erd/srcr/oirp:c /1c0h9r:omium/src/chrome/common/ipc_channel_win.c cf,i llei nze: /3t4a1
[Child 96292, Chrome_sk_1563383129/build/src/ipc/chromium/src/chrome/common/ipc_channel_win.cc, line 341
[Child 956[Parent 27592, Gecko_IOThread] WARNING: pipe error: 109: file z:/task_1563383129/build/src/ipc/chromium/src/chrome/common/ipc_channel_win.cc, line 341
[Child 95376, Chrome_ChildThread] WARNING: pipe error: 109: file z:/task_1563383129/build/src/ipc/chromium/src/chrome/common/ipc_channel_win.cc, line 341
[Child 95376, Chrom1564782853132	Marionette	INFO	Stopped listening on port 49971

###!!! [Child][RunMessage] Error: Channel closing: too late to send/recv, messages will be lost

[GP
###!!! [Child][MessageChannel::SendAndWait] Error: Channel error: cannot send/recv

564782830501	Marionette	INFO	Listening on port 50052
1564782830534	Marionette	WARN	TLS certificate errors will be ignored for this session
JavaScript error: https://www.sagemember.com/js/bootstrap.min.js, line 6: Error: Bootstrap's JavaScript requires jQuery
JavaScript error: https://www.sagemember.com/js/bootstrap.min.js, line 6: Error: Bootstrap's JavaScript requires jQuery
[Parent 56140, Gecko_IOThread] WARNING: pipe error: 109: file z:/task_1563383129/build/src/ipc/chromium/src/chrome/common/ipc_channel_win.cc, line 341
[Child 99892, Chrome_ChildThread] WARNING: pipe error: 109: file z:/task_1563383129/build/src/ipc/chromium/src/chrome/common/ipc_channel_win.cc, line 341
[Child 99308, Chrome[_CChhiilldd 99892, Chrome_ChildThread]Thread] WARNING: pipe error: 109: file z:/task_1563383129/build/src/ipc/chromium/src/chrome/common/ipc_channel_win.cc, line 341
[[Parent 56140, Gecko_IOThread] WARNING: pipe error: 109: file z:/task_1563383129/build/src/ipc/chromium/src/chrome/common/ipc_channel_win.cc, line 341
[Child 99040, Chrome_ChildThread] WARNING: pipe error: 109: file z:/task_1563383129/build/src/ipc/chromium/src/chrome/common/ipc_channel_win.cc, line 341
[Child 990401564782852766	Marionette	INFO	Stopped listening on port 50052
[GPU 98548, C
###!!! [Child][MessageChannel::SendAndWait] Error: Channel error: cannot send/recv

1564782859415	mozrunner::runner	INFO	Running command: "C:\\Program Files (x86)\\Mozilla Firefox\\firefox.exe" "-marionette" "-foreground" "-no-remote" "-profile" "C:\\Users\\bproctor\\AppData\\Local\\Temp\\rust_mozprofile.gpkcmZYU9Ieb"
1564782859743	addons.webextension.screenshots@mozilla.org	WARN	Loading extension 'screenshots@mozilla.org': Reading manifest: Invalid extension permission: mozillaAddons
1564782859743	addons.webextension.screenshots@mozilla.org	WARN	Loading extension 'screenshots@mozilla.org': Reading manifest: Invalid extension permission: telemetry
1564782859744	addons.webextension.screenshots@mozilla.org	WARN	Loading extension 'screenshots@mozilla.org': Reading manifest: Invalid extension permission: resource://pdf.js/
1564782859744	addons.webextension.screenshots@mozilla.org	WARN	Loading extension 'screenshots@mozilla.org': Reading manifest: Invalid extension permission: about:reader*
1564782860897	Marionette	INFO	Listening on port 50129
1564782861052	Marionette	WARN	TLS certificate errors will be ignored for this session
JavaScript error: https://www.sagemember.com/js/bootstrap.min.js, line 6: Error: Bootstrap's JavaScript requires jQuery
JavaScript error: https://www.sagemember.com/js/bootstrap.min.js, line 6: Error: Bootstrap's JavaScript requires jQuery
console.error: BroadcastService: 
  receivedBroadcastMessage: handler for
  remote-settings/monitor_changes
  threw error:
  Message: Error: Polling for changes failed: http://%(server)s/dummy/blocklist//buckets/monitor/collections/changes/records?_expected=%221564608481083%22 is not a valid URL..
  Stack:
    remoteSettingsFunction/remoteSettings.pollChanges@resource://services-settings/remote-settings.js:201:13

[Parent 100064, Gecko_IOThread] WARNING: pipe error: 109: file z:/task_1563383129/build/src/ipc/chromium/src/chrome/common/ipc_channel_win.cc, line 341
[Parent 100064, Gecko_IOThread] WARNING: pipe error: 109: file z:/task_1563383129/build/src/ipc/chromium/src/chrome/common/ipc_channel_win.cc, line 341
[Child 98848, Chrome_ChildThread] WARNING: pipe error: 109: file z:/task_1563383129/build/src/ipc/chromium/src/chrome/common/ipc_channel_win.cc, line 341
[Child 98848, Chrome_ChildT[Child 99340, Chrome_ChildThread] WARNING: pipe error: 109: file z:/task_1563383129/build/src/ipc/chromium/src/chrome/common/ipc_channel_win.cc, line 341
[Child 99340, Chrome_ChildT[Child 99392, Chrome_ChildThread] WARNING: pipe error: 109: file z:/task_1563383129/build/src/ipc/chromium/src/chrome/common/ipc_channel_win.cc, line 341
[Child 99392, C1564782882718	Marionette	INFO	Stopped listening on port 50129
[GPU
###!!! [Child][RunMessage] Error: Channel closing: too late to send/recv, messages will be lost

 996
###!!! [Child][MessageChannel::SendAndWait] Error: Channel error: cannot send/recv

1564782966612	mozrunner::runner	INFO	Running command: "C:\\Program Files (x86)\\Mozilla Firefox\\firefox.exe" "-marionette" "-foreground" "-no-remote" "-profile" "C:\\Users\\bproctor\\AppData\\Local\\Temp\\rust_mozprofile.sPg1lOJGVdNG"
1564782966936	addons.webextension.screenshots@mozilla.org	WARN	Loading extension 'screenshots@mozilla.org': Reading manifest: Invalid extension permission: mozillaAddons
1564782966937	addons.webextension.screenshots@mozilla.org	WARN	Loading extension 'screenshots@mozilla.org': Reading manifest: Invalid extension permission: telemetry
1564782966937	addons.webextension.screenshots@mozilla.org	WARN	Loading extension 'screenshots@mozilla.org': Reading manifest: Invalid extension permission: resource://pdf.js/
1564782966937	addons.webextension.screenshots@mozilla.org	WARN	Loading extension 'screenshots@mozilla.org': Reading manifest: Invalid extension permission: about:reader*
1564782968137	Marionette	INFO	Listening on port 50274
1564782968259	Marionette	WARN	TLS certificate errors will be ignored for this session
JavaScript error: https://www.sagemember.com/js/bootstrap.min.js, line 6: Error: Bootstrap's JavaScript requires jQuery
JavaScript error: https://www.sagemember.com/js/bootstrap.min.js, line 6: Error: Bootstrap's JavaScript requires jQuery
console.error: BroadcastService: 
  receivedBroadcastMessage: handler for
  remote-settings/monitor_changes
  threw error:
  Message: Error: Polling for changes failed: http://%(server)s/dummy/blocklist//buckets/monitor/collections/changes/records?_expected=%221564608481083%22 is not a valid URL..
  Stack:
    remoteSettingsFunction/remoteSettings.pollChanges@resource://services-settings/remote-settings.js:201:13

[Child 84000, Chrome_ChildThread] WARNING: pipe error: 109: file z:/task_1563383129/build/src/ipc/chromium/src/chrome/common/ipc_channel_win.cc, line 341
[Child 84000, Chrom[Child 7072, Chrome_ChildThread] WARNING: pipe error: 109: file z:/task_1563383129/build/src/ipc/chromium/src/chrome/common/ipc_channel_win.cc, line 341
[Child 7072,[Parent 96072, Gecko_IOThread] WARNING: pipe error: 109: file z:/task_1563383129/build/src/ipc/chromium/src/chrome/common/ipc_channel_win.cc, line 341
[Child 92372, Chrome_ChildThread] WARNING: pipe error: 109: file z:/task_1563383129/build/src/ipc/chromium/src/chrome/common/ipc_channel_win.cc, line 341
[Child 92371564783060079	Marionette	INFO	Stopped listening on port 50274

###!!! [Child][RunMessage] Error: Channel closing: too late to send/recv, messages will be lost

[
###!!! [Child][MessageChannel::SendAndWait] Error: Channel error: cannot send/recv

1565129809601	mozrunner::runner	INFO	Running command: "C:\\Program Files (x86)\\Mozilla Firefox\\firefox.exe" "-marionette" "-foreground" "-no-remote" "-profile" "C:\\Users\\bproctor\\AppData\\Local\\Temp\\rust_mozprofile.KAkE2uuyVyfE"
1565129810183	addons.webextension.screenshots@mozilla.org	WARN	Loading extension 'screenshots@mozilla.org': Reading manifest: Invalid extension permission: mozillaAddons
1565129810183	addons.webextension.screenshots@mozilla.org	WARN	Loading extension 'screenshots@mozilla.org': Reading manifest: Invalid extension permission: telemetry
1565129810183	addons.webextension.screenshots@mozilla.org	WARN	Loading extension 'screenshots@mozilla.org': Reading manifest: Invalid extension permission: resource://pdf.js/
1565129810183	addons.webextension.screenshots@mozilla.org	WARN	Loading extension 'screenshots@mozilla.org': Reading manifest: Invalid extension permission: about:reader*
1565129811551	Marionette	INFO	Listening on port 57654
1565129811758	Marionette	WARN	TLS certificate errors will be ignored for this session
JavaScript error: https://www.sagemember.com/js/bootstrap.min.js, line 6: Error: Bootstrap's JavaScript requires jQuery
JavaScript error: https://www.sagemember.com/js/bootstrap.min.js, line 6: Error: Bootstrap's JavaScript requires jQuery
console.error: BroadcastService: 
  receivedBroadcastMessage: handler for
  remote-settings/monitor_changes
  threw error:
  Message: Error: Polling for changes failed: http://%(server)s/dummy/blocklist//buckets/monitor/collections/changes/records?_expected=%221565105921441%22 is not a valid URL..
  Stack:
    remoteSettingsFunction/remoteSettings.pollChanges@resource://services-settings/remote-settings.js:201:13

[Parent 90620, Gecko_IOThread] WARNING: pipe error: 109: file z:/task_1563383129/build/src/ipc/chromium/src/chrome/common/ipc_channel_win.cc, line 341
[Parent 90620, Gecko_IOThread] WARNING: pipe error: 109: file z:/task_1563383129/build/src/ipc/chromium/src/chrome/common/ipc_channel_win.cc, line 341
[Child 72584, Chrome_ChildThread] WARNING: pipe error: 109: file z:/task_1563383129/build/src/ipc/chromium/src/ch[Crome/common/ipc_channel_win.cc, line 341
[Child 72584, Chrome_[Parent 90620, Gecko_IOThread] WARNING: pipe error: 109: file z:/task_1563383129/build/src/ipc/chromium/src/chrome/common/ipc_channel_win.cc, line 341
[Child 4380, Chrome_ChildThread] WARNING: pipe error: 109: file z:/task_1563383129/build/src/ipc/chromium/src/chrome/common/ipc_channel_win.cc, line 341
1565129927883	Marionette	INFO	Stopped listening on port 57654
[GPU 92744
###!!! [Child][RunMessage] Error: Channel closing: too late to send/recv, messages will be lost

, Chro
###!!! [Child][MessageChannel::SendAndWait] Error: Channel error: cannot send/recv

1565129943837	mozrunner::runner	INFO	Running command: "C:\\Program Files (x86)\\Mozilla Firefox\\firefox.exe" "-marionette" "-foreground" "-no-remote" "-profile" "C:\\Users\\bproctor\\AppData\\Local\\Temp\\rust_mozprofile.HWDQL8a2TUIv"
1565129944165	addons.webextension.screenshots@mozilla.org	WARN	Loading extension 'screenshots@mozilla.org': Reading manifest: Invalid extension permission: mozillaAddons
1565129944165	addons.webextension.screenshots@mozilla.org	WARN	Loading extension 'screenshots@mozilla.org': Reading manifest: Invalid extension permission: telemetry
1565129944165	addons.webextension.screenshots@mozilla.org	WARN	Loading extension 'screenshots@mozilla.org': Reading manifest: Invalid extension permission: resource://pdf.js/
1565129944166	addons.webextension.screenshots@mozilla.org	WARN	Loading extension 'screenshots@mozilla.org': Reading manifest: Invalid extension permission: about:reader*
1565129945441	Marionette	INFO	Listening on port 57711
1565129945467	Marionette	WARN	TLS certificate errors will be ignored for this session
JavaScript error: https://www.sagemember.com/js/bootstrap.min.js, line 6: Error: Bootstrap's JavaScript requires jQuery
JavaScript error: https://www.sagemember.com/js/bootstrap.min.js, line 6: Error: Bootstrap's JavaScript requires jQuery
[Parent 91656, Gecko_IOThread] WARNING: pipe error: 109: file z:/task_1563383129/build/src/ipc/chromium/src/chrome/common/ipc_channel_win.cc, line 341
[Child 60420, Chrome_ChildThread] WARNING: pipe error: 109: file z:/task_1563383129/build/src/ipc/chromium/src/chrome/common/ipc_channel_win.cc, line 341
[Child 60420,[Parent 91656, Gecko_IOThread] WARNING: pipe error: 109: file z:/task_1563383129/build/src/ipc/chromium/src/chrome/common/ipc_channel_win.cc, line 341
[Child 73944, Chrome_ChildThread] WARNING: pipe error: 109: file z:/task_1563383129/build/src/ipc/chromium/src/chrome/common/ipc_channel_win.cc, line 341
[Child 73944, Chr1565129988872	Marionette	INFO	Stopped listening on port 57711

###!!! [Child][RunMessage] Error: Channel closing: too late to send/recv, messages will be lost

[GPU 99980, 
###!!! [Child][MessageChannel::SendAndWait] Error: Channel error: cannot send/recv

1565129995345	mozrunner::runner	INFO	Running command: "C:\\Program Files (x86)\\Mozilla Firefox\\firefox.exe" "-marionette" "-foreground" "-no-remote" "-profile" "C:\\Users\\bproctor\\AppData\\Local\\Temp\\rust_mozprofile.Z38Ily6to6Y7"
1565129995674	addons.webextension.screenshots@mozilla.org	WARN	Loading extension 'screenshots@mozilla.org': Reading manifest: Invalid extension permission: mozillaAddons
1565129995674	addons.webextension.screenshots@mozilla.org	WARN	Loading extension 'screenshots@mozilla.org': Reading manifest: Invalid extension permission: telemetry
1565129995674	addons.webextension.screenshots@mozilla.org	WARN	Loading extension 'screenshots@mozilla.org': Reading manifest: Invalid extension permission: resource://pdf.js/
1565129995675	addons.webextension.screenshots@mozilla.org	WARN	Loading extension 'screenshots@mozilla.org': Reading manifest: Invalid extension permission: about:reader*
1565129996908	Marionette	INFO	Listening on port 57763
1565129997013	Marionette	WARN	TLS certificate errors will be ignored for this session
JavaScript error: https://www.sagemember.com/js/bootstrap.min.js, line 6: Error: Bootstrap's JavaScript requires jQuery
JavaScript error: https://www.sagemember.com/js/bootstrap.min.js, line 6: Error: Bootstrap's JavaScript requires jQuery
[Child 82800, Chrome_ChildThread] WARNING: pipe error: 109: file z:/task_1563383129/build/src/ipc/chromium/src/chrome/common/ipc_channel_win.cc, line 341
[Child 82[Child 59928, Chrome_ChildThread] WARNING: pipe error: 109: file z:/task_1563383129/build/src/ipc/chromium/src/chrome/common/ipc_channel_win.cc, line 341
[Child 5991565130032120	Marionette	INFO	Stopped listening on port 57763
[GPU 102596, 
###!!! [Child][MessageChannel::SendAndWait] Error: Channel error: cannot send/recv

1565130037960	mozrunner::runner	INFO	Running command: "C:\\Program Files (x86)\\Mozilla Firefox\\firefox.exe" "-marionette" "-foreground" "-no-remote" "-profile" "C:\\Users\\bproctor\\AppData\\Local\\Temp\\rust_mozprofile.aJ9NAanDrUjT"
1565130038280	addons.webextension.screenshots@mozilla.org	WARN	Loading extension 'screenshots@mozilla.org': Reading manifest: Invalid extension permission: mozillaAddons
1565130038280	addons.webextension.screenshots@mozilla.org	WARN	Loading extension 'screenshots@mozilla.org': Reading manifest: Invalid extension permission: telemetry
1565130038280	addons.webextension.screenshots@mozilla.org	WARN	Loading extension 'screenshots@mozilla.org': Reading manifest: Invalid extension permission: resource://pdf.js/
1565130038280	addons.webextension.screenshots@mozilla.org	WARN	Loading extension 'screenshots@mozilla.org': Reading manifest: Invalid extension permission: about:reader*
1565130039433	Marionette	INFO	Listening on port 57814
1565130039604	Marionette	WARN	TLS certificate errors will be ignored for this session
JavaScript error: https://www.sagemember.com/js/bootstrap.min.js, line 6: Error: Bootstrap's JavaScript requires jQuery
JavaScript error: https://www.sagemember.com/js/bootstrap.min.js, line 6: Error: Bootstrap's JavaScript requires jQuery
[Child 93492, Chrome_ChildThread] WARNING: pipe error: 109: file z:/task_1563383129/build/src/ipc/chromium/src/chrome/common/ipc_channel_win.cc, line 341
[Child 93492, Chrome_Chi[Child 91956, Chrome_ChildThread] WARNING: pipe error: 109: file z:/task_1563383129/build/src/ipc/chromium/src/chrome/common/ipc_channel_win.cc, line 341
[Child 9195[Parent 56892, Gecko_IOThread] WARNING: pipe error: 109: file z:/task_1563383129/build/src/ipc/chromium/src/chrome/common/ipc_channel_win.cc, line 341
[Child 43140, Chrome_ChildThread] WARNING: pipe error: 109: file z:/task_1563383129/build/src/ipc/chromium/src/chrome/common/ipc_channel_win.cc, line 341
[Child 43141565130104475	Marionette	INFO	Stopped listening on port 57814

###!!! [Child][RunMessage] Error: Channel closing: too late to send/recv, messages will be lost

[GPU 49196, Chrom
###!!! [Child][MessageChannel::SendAndWait] Error: Channel error: cannot send/recv

80	Marionette	INFO	Listening on port 57864
1565130079381	Marionette	WARN	TLS certificate errors will be ignored for this session
JavaScript error: https://www.sagemember.com/js/bootstrap.min.js, line 6: Error: Bootstrap's JavaScript requires jQuery
JavaScript error: https://www.sagemember.com/js/bootstrap.min.js, line 6: Error: Bootstrap's JavaScript requires jQuery
[Child 103904, Chrome_ChildThread] WARNING: pipe error: 109: file z:/task_1563383129/build/src/ipc/chromium/src/chrome/common/ipc_channel_win.cc, line 341
[Child 103[Parent 103708, Gecko_IOThread] WARNING: pipe error: 109: file z:/task_1563383129/build/src/ipc/chromium/src/chrome/common/ipc_channel_win.cc, line 341
[Child 84324, Chrome_ChildThread] WARNING: pipe error: 109: file z:/task_1563383129/build/src/ipc/chromium/src/chrome/common/ipc_channel_win.cc, line 341
[Child 84324[Child 64296, Chrome_ChildThread] WARNING: pipe error: 109: file z:/task_1563383129/build/src/ipc/chromium/src/chrome/common/ipc_channel_win.cc, line 341
[Child 64296,1565130103620	Marionette	INFO	Stopped listening on port 57864
[GPU
###!!! [Child][RunMessage] Error: Channel closing: too late to send/recv, messages will be lost

 8939
###!!! [Child][MessageChannel::SendAndWait] Error: Channel error: cannot send/recv

1565130110505	mozrunner::runner	INFO	Running command: "C:\\Program Files (x86)\\Mozilla Firefox\\firefox.exe" "-marionette" "-foreground" "-no-remote" "-profile" "C:\\Users\\bproctor\\AppData\\Local\\Temp\\rust_mozprofile.B2OtGHrJ0L7q"
1565130110836	addons.webextension.screenshots@mozilla.org	WARN	Loading extension 'screenshots@mozilla.org': Reading manifest: Invalid extension permission: mozillaAddons
1565130110837	addons.webextension.screenshots@mozilla.org	WARN	Loading extension 'screenshots@mozilla.org': Reading manifest: Invalid extension permission: telemetry
1565130110837	addons.webextension.screenshots@mozilla.org	WARN	Loading extension 'screenshots@mozilla.org': Reading manifest: Invalid extension permission: resource://pdf.js/
1565130110837	addons.webextension.screenshots@mozilla.org	WARN	Loading extension 'screenshots@mozilla.org': Reading manifest: Invalid extension permission: about:reader*
1565130112057	Marionette	INFO	Listening on port 57914
1565130112130	Marionette	WARN	TLS certificate errors will be ignored for this session
JavaScript error: https://www.sagemember.com/js/bootstrap.min.js, line 6: Error: Bootstrap's JavaScript requires jQuery
JavaScript error: https://www.sagemember.com/js/bootstrap.min.js, line 6: Error: Bootstrap's JavaScript requires jQuery
console.error: BroadcastService: 
  receivedBroadcastMessage: handler for
  remote-settings/monitor_changes
  threw error:
  Message: Error: Polling for changes failed: http://%(server)s/dummy/blocklist//buckets/monitor/collections/changes/records?_expected=%221565105921441%22 is not a valid URL..
  Stack:
    remoteSettingsFunction/remoteSettings.pollChanges@resource://services-settings/remote-settings.js:201:13

console.warn: LoginRecipes: "getRecipes: falling back to a synchronous message for:" "https://www.sagemember.com"
console.warn: LoginRecipes: "getRecipes: falling back to a synchronous message for:" "https://www.sagemember.com"
IPDL protocol error: Handler returned error code!

###!!! [Parent][DispatchAsyncMessage] Error: PLayerTransaction::Msg_ReleaseLayer Processing error: message was deserialized, but the handler returned false (indicating failure)

IPDL protocol error: Handler returned error code!

###!!! [Parent][DispatchAsyncMessage] Error: PLayerTransaction::Msg_ReleaseLayer Processing error: message was deserialized, but the handler returned false (indicating failure)

IPDL protocol error: Handler returned error code!

###!!! [Parent][DispatchAsyncMessage] Error: PLayerTransaction::Msg_ReleaseLayer Processing error: message was deserialized, but the handler returned false (indicating failure)

IPDL protocol error: Handler returned error code!

###!!! [Parent][DispatchAsyncMessage] Error: PLayerTransaction::Msg_ReleaseLayer Processing error: message was deserialized, but the handler returned false (indicating failure)

IPDL protocol error: Handler returned error code!

###!!! [Parent][DispatchAsyncMessage] Error: PLayerTransaction::Msg_ReleaseLayer Processing error: message was deserialized, but the handler returned false (indicating failure)

console.warn: "Error while detaching the thread front: 'detach' request packet to 'server1.conn0.child1/context18' can't be sent as the connection is closed."
[Child 70896, Chrome_ChildThread] WARNING: pipe error: 109: file z:/task_1563383129/build/src/ipc/chromium/src/chrome/common/[iCphildc 61996, Chrome_ChildThread] WARNING: pipe er_rcor: 109: file z:/task_1563383129/build/src/ipc/chromium/src/chrome/common/iphcannel_win.cc, line 341
_channel_win.cc, line 341
[Child 61996, Chrome_ChildThread] WARNING: pipe error: 109: file z:/task_1563383129/build/src/ipc/chromium/src/chrome/common/ipc_channel_win.cc, line 341
[Parent 51796, Gecko_IOThread] WARNING: pipe error: 109: file z:/task_1563383129/build/src/ipc/chromium/src/chrome/common/ipc_channel_win.cc, line 341
[Child 74584, Chrome_ChildThread] WARNING: pipe error: 109: file z:/task_1563383129/build/src/ipc/chromium/src/chrome/common/ipc_channel_win.cc, line 341
[Child 7451565130604756	Marionette	INFO	Stopped listening on port 57914

###!!! [Child][RunMessage] Error: Channel closing: too late to send/recv, messages will be lost

[GPU 68476
###!!! [Child][MessageChannel::SendAndWait] Error: Channel error: cannot send/recv

